<?xml version="1.0" encoding="UTF-8"?>
<!-- Generated by org.testng.reporters.JUnitXMLReporter -->
<testsuite ignored="1" hostname="Macs-MacBook-Pro-3.local" failures="0" tests="5" name="testclass1-2" time="0.022" errors="0" timestamp="2024-07-15T17:54:28 IST">
  <testcase classname="org.example.Class1" name="C1fun1" time="0.001"/>
  <testcase classname="org.example.Class1" name="C1fun2" time="0.0"/>
  <testcase classname="org.example.Class1" name="C1fun3" time="0.0"/>
  <testcase classname="org.example.Class2" name="C2fun1" time="0.0"/>
  <testcase classname="org.example.Class2" name="C2fun2" time="0.0"/>
  <testcase classname="org.example.Class2" name="C2fun3" time="0.0">
    <ignored/>
  </testcase> <!-- C2fun3 -->
</testsuite> <!-- testclass1-2 -->
